2025-02-15 07:01:00 | DEBUG | repo=Clean-Blog | action=commit
2025-09-21 19:24:00 | DEBUG | repo=Clean-Blog | action=commit
2025-09-13 17:44:00 | WARN | repo=Clean-Blog | action=commit
2025-11-05 21:45:00 | WARN | repo=Clean-Blog | action=pull
2025-12-25 17:26:00 | INFO | repo=Clean-Blog | action=commit
2025-02-09 15:44:00 | WARN | repo=Clean-Blog | action=commit
2025-08-23 17:41:00 | DEBUG | repo=Clean-Blog | action=commit
2025-07-23 19:32:00 | DEBUG | repo=Clean-Blog | action=commit
2025-10-02 19:25:00 | INFO | repo=Clean-Blog | action=commit
2025-12-21 21:34:00 | INFO | repo=Clean-Blog | action=commit
2025-02-05 07:01:00 | WARN | repo=Clean-Blog | action=commit
2025-03-27 13:23:00 | WARN | repo=Clean-Blog | action=commit
2025-08-07 14:55:00 | INFO | repo=Clean-Blog | action=commit
2025-07-18 08:29:00 | INFO | repo=Clean-Blog | action=commit
2025-10-06 17:35:00 | DEBUG | repo=Clean-Blog | action=commit
2025-05-04 08:56:00 | WARN | repo=Clean-Blog | action=test | passed=true
2025-03-18 16:11:00 | WARN | repo=Clean-Blog | action=commit
2025-07-15 17:26:00 | INFO | repo=Clean-Blog | action=commit
2025-09-07 10:29:00 | DEBUG | repo=Clean-Blog | action=commit
2025-05-07 08:15:00 | DEBUG | repo=Clean-Blog | action=commit
2025-06-16 21:49:00 | WARN | repo=Clean-Blog | action=commit
2025-05-09 10:23:00 | WARN | repo=Clean-Blog | action=commit
2025-05-11 07:14:00 | DEBUG | repo=Clean-Blog | action=commit
2025-08-13 13:32:00 | INFO | repo=Clean-Blog | action=commit
2025-03-19 19:37:00 | WARN | repo=Clean-Blog | action=test | passed=true
2025-03-06 21:24:00 | INFO | repo=Clean-Blog | action=commit
2025-05-17 08:39:00 | DEBUG | repo=Clean-Blog | action=commit
2025-08-16 21:23:00 | WARN | repo=Clean-Blog | action=commit
2025-04-05 16:38:00 | WARN | repo=Clean-Blog | action=commit
2025-03-16 19:08:00 | INFO | repo=Clean-Blog | action=commit
2025-12-17 13:49:00 | WARN | repo=Clean-Blog | action=commit
2025-11-10 20:53:00 | INFO | repo=Clean-Blog | action=edit | files=5
2025-11-05 20:54:00 | DEBUG | repo=Clean-Blog | action=commit
2025-06-28 20:19:00 | INFO | repo=Clean-Blog | action=pull
2025-09-01 12:23:00 | WARN | repo=Clean-Blog | action=commit
2025-03-03 13:39:00 | DEBUG | repo=Clean-Blog | action=edit | files=1
2025-08-25 14:33:00 | INFO | repo=Clean-Blog | action=commit
2025-08-17 21:26:00 | INFO | repo=Clean-Blog | action=commit
2025-03-02 16:18:00 | WARN | repo=Clean-Blog | action=commit
2025-10-20 10:47:00 | INFO | repo=Clean-Blog | action=commit
2025-05-18 15:50:00 | WARN | repo=Clean-Blog | action=commit
2025-10-23 09:54:00 | DEBUG | repo=Clean-Blog | action=commit
2025-12-08 09:41:00 | DEBUG | repo=Clean-Blog | action=pull
2025-10-24 20:13:00 | DEBUG | repo=Clean-Blog | action=commit
2025-12-16 20:15:00 | WARN | repo=Clean-Blog | action=commit
2025-08-12 11:16:00 | INFO | repo=Clean-Blog | action=commit
2025-08-19 07:18:00 | WARN | repo=Clean-Blog | action=commit
2025-02-27 11:27:00 | DEBUG | repo=Clean-Blog | action=commit
2025-08-09 20:14:00 | WARN | repo=Clean-Blog | action=edit | files=3
2025-10-22 11:00:00 | WARN | repo=Clean-Blog | action=commit
2025-02-19 07:43:00 | INFO | repo=Clean-Blog | action=commit
2025-02-01 19:06:00 | INFO | repo=Clean-Blog | action=edit | files=4
2025-04-02 10:39:00 | WARN | repo=Clean-Blog | action=commit
2025-07-28 21:56:00 | WARN | repo=Clean-Blog | action=test | passed=true
2025-05-14 08:22:00 | INFO | repo=Clean-Blog | action=commit
2025-04-05 07:16:00 | WARN | repo=Clean-Blog | action=commit
2025-10-12 13:33:00 | WARN | repo=Clean-Blog | action=test | passed=true
2025-11-25 08:32:00 | DEBUG | repo=Clean-Blog | action=test | passed=true
2025-02-08 21:46:00 | WARN | repo=Clean-Blog | action=commit
2025-05-09 10:02:00 | WARN | repo=Clean-Blog | action=pull
2025-12-05 16:52:00 | DEBUG | repo=Clean-Blog | action=commit
2025-07-12 07:28:00 | WARN | repo=Clean-Blog | action=commit
2025-07-02 17:21:00 | INFO | repo=Clean-Blog | action=test | passed=true
2025-06-02 20:55:00 | DEBUG | repo=Clean-Blog | action=commit
2025-07-16 15:39:00 | WARN | repo=Clean-Blog | action=commit
2025-02-02 21:38:00 | INFO | repo=Clean-Blog | action=commit
2025-05-10 21:33:00 | INFO | repo=Clean-Blog | action=edit | files=2
2025-09-27 11:04:00 | DEBUG | repo=Clean-Blog | action=test | passed=true
2025-10-02 21:58:00 | INFO | repo=Clean-Blog | action=test | passed=true
2025-11-05 07:25:00 | DEBUG | repo=Clean-Blog | action=commit
2025-05-20 15:01:00 | WARN | repo=Clean-Blog | action=commit
2025-10-07 12:56:00 | DEBUG | repo=Clean-Blog | action=edit | files=2
2025-03-11 20:32:00 | DEBUG | repo=Clean-Blog | action=commit
2025-06-27 08:31:00 | INFO | repo=Clean-Blog | action=edit | files=1
2025-06-07 19:24:00 | WARN | repo=Clean-Blog | action=commit
2025-10-16 17:14:00 | INFO | repo=Clean-Blog | action=commit
2025-09-14 08:54:00 | DEBUG | repo=Clean-Blog | action=commit
2025-09-24 20:34:00 | DEBUG | repo=Clean-Blog | action=commit
2025-11-23 07:30:00 | INFO | repo=Clean-Blog | action=commit
2025-06-01 10:19:00 | INFO | repo=Clean-Blog | action=test | passed=true
2025-04-04 09:18:00 | WARN | repo=Clean-Blog | action=commit
2025-05-23 16:09:00 | WARN | repo=Clean-Blog | action=edit | files=1
2025-01-01 20:58:00 | WARN | repo=Clean-Blog | action=commit
2025-09-04 18:57:00 | INFO | repo=Clean-Blog | action=edit | files=5
2025-07-20 08:47:00 | WARN | repo=Clean-Blog | action=commit
2025-12-18 18:31:00 | INFO | repo=Clean-Blog | action=commit
2025-10-11 08:43:00 | WARN | repo=Clean-Blog | action=commit
2025-01-23 15:24:00 | INFO | repo=Clean-Blog | action=test | passed=true
2025-04-03 21:48:00 | INFO | repo=Clean-Blog | action=commit
2025-04-14 07:36:00 | WARN | repo=Clean-Blog | action=commit
2025-07-24 07:54:00 | WARN | repo=Clean-Blog | action=test | passed=true
2025-09-26 10:06:00 | DEBUG | repo=Clean-Blog | action=commit
2025-09-19 19:32:00 | DEBUG | repo=Clean-Blog | action=edit | files=2
2025-08-22 20:48:00 | WARN | repo=Clean-Blog | action=commit
2025-05-27 18:53:00 | WARN | repo=Clean-Blog | action=commit
2025-01-22 07:34:00 | DEBUG | repo=Clean-Blog | action=commit
2025-11-17 18:14:00 | INFO | repo=Clean-Blog | action=commit
2025-06-25 17:54:00 | DEBUG | repo=Clean-Blog | action=commit
2025-09-19 18:22:00 | DEBUG | repo=Clean-Blog | action=commit
2025-11-06 13:26:00 | DEBUG | repo=Clean-Blog | action=test | passed=true
2025-06-22 21:59:00 | INFO | repo=Clean-Blog | action=commit
2025-09-20 08:55:00 | INFO | repo=Clean-Blog | action=commit
2025-07-04 17:22:00 | WARN | repo=Clean-Blog | action=commit
2025-05-21 18:38:00 | WARN | repo=Clean-Blog | action=commit
2025-05-03 14:17:00 | WARN | repo=Clean-Blog | action=commit
2025-07-05 09:30:00 | INFO | repo=Clean-Blog | action=pull
2025-07-14 10:10:00 | DEBUG | repo=Clean-Blog | action=commit
2025-10-12 16:54:00 | WARN | repo=Clean-Blog | action=commit
2025-12-07 09:41:00 | INFO | repo=Clean-Blog | action=test | passed=true
2025-09-24 10:09:00 | DEBUG | repo=Clean-Blog | action=test | passed=true
2025-10-04 19:52:00 | WARN | repo=Clean-Blog | action=pull
2025-01-13 07:55:00 | DEBUG | repo=Clean-Blog | action=commit
2025-11-09 07:13:00 | INFO | repo=Clean-Blog | action=commit
2025-11-10 15:39:00 | DEBUG | repo=Clean-Blog | action=test | passed=true
2025-04-27 12:05:00 | WARN | repo=Clean-Blog | action=test | passed=true
2025-04-23 21:27:00 | WARN | repo=Clean-Blog | action=commit
2025-08-06 10:21:00 | DEBUG | repo=Clean-Blog | action=edit | files=2
2025-03-15 09:34:00 | DEBUG | repo=Clean-Blog | action=edit | files=1
2025-08-04 08:09:00 | WARN | repo=Clean-Blog | action=commit
2025-08-17 09:06:00 | INFO | repo=Clean-Blog | action=pull
2025-11-14 15:56:00 | INFO | repo=Clean-Blog | action=commit
2025-07-01 20:17:00 | DEBUG | repo=Clean-Blog | action=commit
2026-02-26 07:38:00 | DEBUG | repo=Clean-Blog | action=commit
2026-11-15 18:03:00 | DEBUG | repo=Clean-Blog | action=commit
2026-04-23 19:48:00 | WARN | repo=Clean-Blog | action=commit
2026-09-13 16:16:00 | INFO | repo=Clean-Blog | action=commit
2026-09-25 17:29:00 | WARN | repo=Clean-Blog | action=edit | files=3
2026-08-26 18:59:00 | DEBUG | repo=Clean-Blog | action=edit | files=5
2026-11-11 09:06:00 | INFO | repo=Clean-Blog | action=commit
2025-04-16 16:31:00 | INFO | repo=Clean-Blog | action=test | passed=true
2025-07-16 10:33:00 | INFO | repo=Clean-Blog | action=commit
2025-09-12 11:48:00 | INFO | repo=Clean-Blog | action=commit
2025-09-19 08:57:00 | INFO | repo=Clean-Blog | action=edit | files=2
2025-09-02 14:47:00 | DEBUG | repo=Clean-Blog | action=commit
2025-10-25 11:33:00 | WARN | repo=Clean-Blog | action=commit
2025-04-27 19:51:00 | INFO | repo=Clean-Blog | action=pull
2025-05-07 07:11:00 | DEBUG | repo=Clean-Blog | action=commit
2025-05-19 18:23:00 | DEBUG | repo=Clean-Blog | action=commit
2025-06-01 20:55:00 | DEBUG | repo=Clean-Blog | action=commit
2025-07-08 10:20:00 | DEBUG | repo=Clean-Blog | action=pull
2025-07-27 18:48:00 | WARN | repo=Clean-Blog | action=commit
2025-09-03 09:08:00 | INFO | repo=Clean-Blog | action=edit | files=3
2025-11-22 09:29:00 | DEBUG | repo=Clean-Blog | action=edit | files=4
2025-03-24 07:41:00 | DEBUG | repo=Clean-Blog | action=commit
2025-01-16 07:06:00 | INFO | repo=Clean-Blog | action=pull
2025-08-09 19:57:00 | INFO | repo=Clean-Blog | action=commit
2025-11-10 20:49:00 | INFO | repo=Clean-Blog | action=commit
2025-11-22 10:07:00 | DEBUG | repo=Clean-Blog | action=commit
2025-09-20 13:50:00 | INFO | repo=Clean-Blog | action=commit
2025-09-22 10:49:00 | WARN | repo=Clean-Blog | action=commit
2025-01-20 07:17:00 | WARN | repo=Clean-Blog | action=commit
2025-08-09 14:31:00 | DEBUG | repo=Clean-Blog | action=commit
2025-01-14 12:43:00 | INFO | repo=Clean-Blog | action=edit | files=3
2025-11-14 21:41:00 | WARN | repo=Clean-Blog | action=commit
2025-12-21 17:08:00 | INFO | repo=Clean-Blog | action=commit
2025-10-18 20:42:00 | WARN | repo=Clean-Blog | action=commit
2025-11-17 19:14:00 | DEBUG | repo=Clean-Blog | action=commit
2025-09-16 10:16:00 | WARN | repo=Clean-Blog | action=commit
2025-03-09 08:45:00 | WARN | repo=Clean-Blog | action=commit
2025-07-01 09:33:00 | DEBUG | repo=Clean-Blog | action=commit
2025-01-16 15:30:00 | DEBUG | repo=Clean-Blog | action=edit | files=1
2025-07-16 08:52:00 | INFO | repo=Clean-Blog | action=test | passed=true
2025-01-24 18:48:00 | WARN | repo=Clean-Blog | action=commit
2025-07-01 21:42:00 | INFO | repo=Clean-Blog | action=edit | files=2
2025-07-21 19:05:00 | DEBUG | repo=Clean-Blog | action=test | passed=true
2025-05-28 11:39:00 | INFO | repo=Clean-Blog | action=commit
2025-02-27 13:02:00 | DEBUG | repo=Clean-Blog | action=commit
2025-08-07 09:43:00 | WARN | repo=Clean-Blog | action=commit
2025-05-23 15:29:00 | INFO | repo=Clean-Blog | action=test | passed=true
2025-10-27 08:40:00 | INFO | repo=Clean-Blog | action=commit
2025-03-08 16:51:00 | WARN | repo=Clean-Blog | action=commit
2025-10-04 07:18:00 | WARN | repo=Clean-Blog | action=commit
2025-07-10 19:50:00 | WARN | repo=Clean-Blog | action=pull
2025-02-26 16:36:00 | INFO | repo=Clean-Blog | action=commit
2025-10-20 21:55:00 | INFO | repo=Clean-Blog | action=commit
2025-10-16 19:32:00 | WARN | repo=Clean-Blog | action=commit
2025-11-14 09:08:00 | DEBUG | repo=Clean-Blog | action=test | passed=true
2025-07-12 16:01:00 | DEBUG | repo=Clean-Blog | action=pull
2025-01-13 20:12:00 | INFO | repo=Clean-Blog | action=commit
2025-04-24 07:07:00 | DEBUG | repo=Clean-Blog | action=commit
2025-08-15 19:23:00 | WARN | repo=Clean-Blog | action=commit
2025-01-17 14:54:00 | DEBUG | repo=Clean-Blog | action=commit
2025-03-02 08:35:00 | DEBUG | repo=Clean-Blog | action=commit
2025-11-21 19:09:00 | INFO | repo=Clean-Blog | action=commit
2025-07-17 18:09:00 | WARN | repo=Clean-Blog | action=pull
2025-02-11 08:29:00 | WARN | repo=Clean-Blog | action=commit
2025-06-22 08:59:00 | WARN | repo=Clean-Blog | action=test | passed=true
2025-10-05 21:47:00 | WARN | repo=Clean-Blog | action=test | passed=true
2025-06-12 13:09:00 | INFO | repo=Clean-Blog | action=pull
2025-02-22 17:15:00 | DEBUG | repo=Clean-Blog | action=edit | files=1
2025-11-16 19:02:00 | DEBUG | repo=Clean-Blog | action=edit | files=4
2025-09-17 20:51:00 | WARN | repo=Clean-Blog | action=commit
2025-11-10 18:39:00 | DEBUG | repo=Clean-Blog | action=pull
2025-03-23 11:35:00 | INFO | repo=Clean-Blog | action=edit | files=5
2025-08-06 21:39:00 | DEBUG | repo=Clean-Blog | action=pull
2025-05-25 08:04:00 | WARN | repo=Clean-Blog | action=commit
2024-05-19 19:06:00 | INFO | repo=Clean-Blog | action=edit | files=2
2025-08-03 17:38:00 | WARN | repo=Clean-Blog | action=commit
2025-05-24 08:35:00 | INFO | repo=Clean-Blog | action=commit
2025-04-10 15:01:00 | DEBUG | repo=Clean-Blog | action=commit
2025-04-03 08:08:00 | DEBUG | repo=Clean-Blog | action=commit
2024-07-28 10:59:00 | WARN | repo=Clean-Blog | action=commit
2025-03-19 21:59:00 | WARN | repo=Clean-Blog | action=commit
2024-10-21 08:22:00 | INFO | repo=Clean-Blog | action=commit
2025-04-22 16:15:00 | DEBUG | repo=Clean-Blog | action=edit | files=5
2024-09-06 18:47:00 | WARN | repo=Clean-Blog | action=commit
2025-02-05 19:32:00 | INFO | repo=Clean-Blog | action=pull
2025-06-05 08:21:00 | INFO | repo=Clean-Blog | action=commit
2025-10-23 11:47:00 | INFO | repo=Clean-Blog | action=edit | files=5
2024-06-17 21:59:00 | DEBUG | repo=Clean-Blog | action=commit
2024-08-06 09:28:00 | WARN | repo=Clean-Blog | action=commit
2025-12-20 16:12:00 | INFO | repo=Clean-Blog | action=commit
2024-12-14 08:09:00 | WARN | repo=Clean-Blog | action=commit
2024-07-17 20:43:00 | WARN | repo=Clean-Blog | action=commit
2024-06-12 13:17:00 | INFO | repo=Clean-Blog | action=pull
2024-09-25 19:44:00 | INFO | repo=Clean-Blog | action=commit
2025-03-27 13:18:00 | WARN | repo=Clean-Blog | action=commit
2025-02-03 11:15:00 | INFO | repo=Clean-Blog | action=commit
2024-03-03 09:37:00 | INFO | repo=Clean-Blog | action=commit
2024-12-05 21:12:00 | WARN | repo=Clean-Blog | action=commit
2024-01-01 08:01:00 | WARN | repo=Clean-Blog | action=commit
2024-01-26 20:29:00 | DEBUG | repo=Clean-Blog | action=commit
2025-05-20 20:53:00 | INFO | repo=Clean-Blog | action=commit
2024-06-13 21:09:00 | DEBUG | repo=Clean-Blog | action=commit
2024-08-04 08:57:00 | INFO | repo=Clean-Blog | action=test | passed=true
2025-10-15 07:12:00 | WARN | repo=Clean-Blog | action=test | passed=true
2024-04-25 20:25:00 | INFO | repo=Clean-Blog | action=edit | files=1
2025-10-11 18:47:00 | WARN | repo=Clean-Blog | action=commit
2025-07-13 21:35:00 | INFO | repo=Clean-Blog | action=commit
2025-04-15 16:09:00 | DEBUG | repo=Clean-Blog | action=commit
2024-02-26 07:54:00 | WARN | repo=Clean-Blog | action=commit
2025-05-17 18:05:00 | INFO | repo=Clean-Blog | action=edit | files=2
2024-11-25 19:32:00 | WARN | repo=Clean-Blog | action=commit
2024-05-07 12:27:00 | INFO | repo=Clean-Blog | action=commit
2025-08-16 11:06:00 | INFO | repo=Clean-Blog | action=test | passed=true
2025-07-24 17:06:00 | WARN | repo=Clean-Blog | action=pull
2024-04-12 08:10:00 | DEBUG | repo=Clean-Blog | action=commit
2025-06-17 15:51:00 | DEBUG | repo=Clean-Blog | action=pull
2024-06-08 13:18:00 | DEBUG | repo=Clean-Blog | action=commit
2024-01-24 09:14:00 | WARN | repo=Clean-Blog | action=commit
2025-04-13 21:52:00 | INFO | repo=Clean-Blog | action=commit
2025-02-17 08:40:00 | WARN | repo=Clean-Blog | action=commit
2024-10-26 08:12:00 | DEBUG | repo=Clean-Blog | action=commit
2024-12-16 15:08:00 | WARN | repo=Clean-Blog | action=pull
2024-07-15 09:33:00 | INFO | repo=Clean-Blog | action=commit
2024-07-08 17:19:00 | DEBUG | repo=Clean-Blog | action=edit | files=1
2025-02-24 19:33:00 | WARN | repo=Clean-Blog | action=commit
2025-04-10 12:09:00 | WARN | repo=Clean-Blog | action=commit
2025-06-15 07:13:00 | INFO | repo=Clean-Blog | action=commit
2025-09-10 12:11:00 | DEBUG | repo=Clean-Blog | action=test | passed=true
2025-04-26 17:16:00 | DEBUG | repo=Clean-Blog | action=commit
2025-07-02 21:28:00 | DEBUG | repo=Clean-Blog | action=commit
2025-04-17 15:58:00 | WARN | repo=Clean-Blog | action=commit
2025-09-22 19:38:00 | DEBUG | repo=Clean-Blog | action=test | passed=true
2025-07-26 20:31:00 | INFO | repo=Clean-Blog | action=commit
2025-01-01 10:29:00 | WARN | repo=Clean-Blog | action=edit | files=4
2025-05-09 13:55:00 | INFO | repo=Clean-Blog | action=commit
2025-05-27 13:52:00 | INFO | repo=Clean-Blog | action=commit
2025-09-05 07:22:00 | WARN | repo=Clean-Blog | action=commit
2025-05-01 07:48:00 | DEBUG | repo=Clean-Blog | action=test | passed=true
2025-02-17 15:12:00 | WARN | repo=Clean-Blog | action=commit
2025-07-04 20:11:00 | INFO | repo=Clean-Blog | action=commit
2025-09-21 18:35:00 | WARN | repo=Clean-Blog | action=commit
2025-08-17 20:02:00 | INFO | repo=Clean-Blog | action=edit | files=2
2025-12-27 21:13:00 | DEBUG | repo=Clean-Blog | action=commit
2025-07-07 15:49:00 | DEBUG | repo=Clean-Blog | action=commit
2025-03-02 18:41:00 | INFO | repo=Clean-Blog | action=commit
2025-05-18 08:24:00 | WARN | repo=Clean-Blog | action=pull
2025-10-13 09:59:00 | WARN | repo=Clean-Blog | action=test | passed=true
2025-02-24 08:06:00 | INFO | repo=Clean-Blog | action=commit
2025-05-15 19:42:00 | DEBUG | repo=Clean-Blog | action=edit | files=2
2025-07-15 09:34:00 | WARN | repo=Clean-Blog | action=test | passed=true
2025-11-28 12:51:00 | WARN | repo=Clean-Blog | action=commit
2025-11-07 08:19:00 | WARN | repo=Clean-Blog | action=commit
2025-11-25 13:28:00 | INFO | repo=Clean-Blog | action=edit | files=3
2025-08-09 08:26:00 | DEBUG | repo=Clean-Blog | action=edit | files=2
2025-07-19 07:08:00 | INFO | repo=Clean-Blog | action=commit
2025-12-14 13:58:00 | INFO | repo=Clean-Blog | action=commit
2025-08-01 19:24:00 | INFO | repo=Clean-Blog | action=commit
2025-01-15 07:31:00 | DEBUG | repo=Clean-Blog | action=commit
2025-09-23 10:46:00 | WARN | repo=Clean-Blog | action=commit
2025-03-09 12:57:00 | WARN | repo=Clean-Blog | action=edit | files=5
2025-11-09 11:54:00 | WARN | repo=Clean-Blog | action=commit
2025-12-12 07:06:00 | WARN | repo=Clean-Blog | action=commit
2025-03-04 15:18:00 | INFO | repo=Clean-Blog | action=commit
2025-05-21 18:44:00 | INFO | repo=Clean-Blog | action=commit
2025-07-02 07:40:00 | DEBUG | repo=Clean-Blog | action=commit
2025-04-23 21:11:00 | WARN | repo=Clean-Blog | action=commit
2025-06-20 15:25:00 | WARN | repo=Clean-Blog | action=commit
2025-01-01 07:55:00 | INFO | repo=Clean-Blog | action=edit | files=5
2025-06-22 16:10:00 | WARN | repo=Clean-Blog | action=commit
2025-06-18 08:16:00 | WARN | repo=Clean-Blog | action=commit
2025-05-04 16:16:00 | DEBUG | repo=Clean-Blog | action=test | passed=true
2025-03-23 20:36:00 | WARN | repo=Clean-Blog | action=commit
2025-03-14 11:06:00 | INFO | repo=Clean-Blog | action=pull
2025-07-26 14:05:00 | DEBUG | repo=Clean-Blog | action=commit
2025-11-17 19:21:00 | INFO | repo=Clean-Blog | action=commit
2025-10-23 11:13:00 | DEBUG | repo=Clean-Blog | action=test | passed=true
2025-11-22 17:40:00 | INFO | repo=Clean-Blog | action=commit
2025-01-17 07:31:00 | INFO | repo=Clean-Blog | action=commit
2025-09-05 07:25:00 | DEBUG | repo=Clean-Blog | action=edit | files=2
2025-01-02 18:42:00 | WARN | repo=Clean-Blog | action=commit
2025-05-21 07:02:00 | INFO | repo=Clean-Blog | action=commit
2025-12-24 08:53:00 | WARN | repo=Clean-Blog | action=pull
2025-01-12 15:32:00 | WARN | repo=Clean-Blog | action=commit
2025-08-20 13:42:00 | INFO | repo=Clean-Blog | action=commit
2025-06-18 15:25:00 | INFO | repo=Clean-Blog | action=test | passed=true
2025-03-08 08:17:00 | DEBUG | repo=Clean-Blog | action=commit
2025-01-02 18:20:00 | DEBUG | repo=Clean-Blog | action=commit
2025-01-19 18:19:00 | WARN | repo=Clean-Blog | action=test | passed=true
2025-11-01 15:36:00 | INFO | repo=Clean-Blog | action=pull
2025-06-14 18:20:00 | DEBUG | repo=Clean-Blog | action=commit
2025-09-18 13:48:00 | DEBUG | repo=Clean-Blog | action=test | passed=true
2025-11-14 08:59:00 | WARN | repo=Clean-Blog | action=commit
2025-08-01 09:58:00 | DEBUG | repo=Clean-Blog | action=commit
2025-01-14 08:59:00 | DEBUG | repo=Clean-Blog | action=pull
2025-08-23 19:08:00 | WARN | repo=Clean-Blog | action=commit
2025-11-17 15:20:00 | DEBUG | repo=Clean-Blog | action=commit
2025-10-21 15:46:00 | DEBUG | repo=Clean-Blog | action=commit
2025-02-23 20:01:00 | DEBUG | repo=Clean-Blog | action=commit
2025-03-20 18:18:00 | DEBUG | repo=Clean-Blog | action=commit
2025-06-08 17:33:00 | WARN | repo=Clean-Blog | action=test | passed=true
2025-05-15 08:09:00 | DEBUG | repo=Clean-Blog | action=commit
2025-05-12 18:29:00 | WARN | repo=Clean-Blog | action=commit
2025-11-07 20:34:00 | INFO | repo=Clean-Blog | action=commit
2025-07-14 07:29:00 | INFO | repo=Clean-Blog | action=test | passed=true
2025-10-23 08:00:00 | DEBUG | repo=Clean-Blog | action=commit
2025-08-25 07:00:00 | INFO | repo=Clean-Blog | action=test | passed=true
2025-02-21 18:39:00 | DEBUG | repo=Clean-Blog | action=commit
2025-07-19 13:42:00 | DEBUG | repo=Clean-Blog | action=commit
2025-01-04 08:41:00 | WARN | repo=Clean-Blog | action=commit
2025-07-01 12:13:00 | WARN | repo=Clean-Blog | action=pull
2025-07-27 17:11:00 | INFO | repo=Clean-Blog | action=commit
2025-02-27 07:42:00 | DEBUG | repo=Clean-Blog | action=commit
2025-05-05 14:59:00 | INFO | repo=Clean-Blog | action=pull
2025-08-15 15:20:00 | WARN | repo=Clean-Blog | action=commit
2025-04-06 11:36:00 | INFO | repo=Clean-Blog | action=commit
2025-11-19 08:35:00 | INFO | repo=Clean-Blog | action=test | passed=true
2025-07-13 07:56:00 | DEBUG | repo=Clean-Blog | action=commit
2025-03-18 09:57:00 | WARN | repo=Clean-Blog | action=test | passed=true
2025-08-03 13:24:00 | DEBUG | repo=Clean-Blog | action=pull
2025-10-20 11:53:00 | INFO | repo=Clean-Blog | action=test | passed=true
2025-04-02 18:33:00 | WARN | repo=Clean-Blog | action=commit
2025-08-11 09:30:00 | DEBUG | repo=Clean-Blog | action=commit
2025-02-06 13:59:00 | DEBUG | repo=Clean-Blog | action=pull
2025-11-01 15:59:00 | WARN | repo=Clean-Blog | action=commit
2025-07-08 16:59:00 | DEBUG | repo=Clean-Blog | action=commit
